2025-06-23 15:25:00 | INFO | repo=multiplepage | action=pull
2025-10-08 11:27:00 | INFO | repo=multiplepage | action=commit
2025-02-01 21:39:00 | INFO | repo=multiplepage | action=commit
2025-12-04 18:35:00 | INFO | repo=multiplepage | action=commit
2025-05-24 07:43:00 | DEBUG | repo=multiplepage | action=commit
2025-01-26 11:25:00 | DEBUG | repo=multiplepage | action=commit
2025-01-06 21:18:00 | DEBUG | repo=multiplepage | action=commit
2025-07-23 08:02:00 | WARN | repo=multiplepage | action=commit
2025-07-04 20:32:00 | WARN | repo=multiplepage | action=commit
2025-09-01 16:40:00 | DEBUG | repo=multiplepage | action=pull
2025-08-07 13:11:00 | INFO | repo=multiplepage | action=commit
2025-02-11 11:44:00 | DEBUG | repo=multiplepage | action=commit
2025-08-12 13:13:00 | DEBUG | repo=multiplepage | action=edit | files=2
2025-12-18 07:53:00 | DEBUG | repo=multiplepage | action=edit | files=1
2025-11-07 18:21:00 | DEBUG | repo=multiplepage | action=pull
2025-06-01 08:08:00 | DEBUG | repo=multiplepage | action=commit
2025-06-08 08:22:00 | WARN | repo=multiplepage | action=commit
2025-02-20 11:08:00 | INFO | repo=multiplepage | action=edit | files=1
2025-12-04 08:51:00 | WARN | repo=multiplepage | action=commit
2025-08-18 18:56:00 | DEBUG | repo=multiplepage | action=commit
2025-06-19 07:10:00 | DEBUG | repo=multiplepage | action=test | passed=true
2025-12-24 19:18:00 | INFO | repo=multiplepage | action=test | passed=true
2025-05-26 19:58:00 | INFO | repo=multiplepage | action=commit
2025-04-07 11:13:00 | WARN | repo=multiplepage | action=commit
2025-11-02 17:15:00 | DEBUG | repo=multiplepage | action=commit
2025-05-15 09:32:00 | WARN | repo=multiplepage | action=commit
2025-11-08 07:31:00 | INFO | repo=multiplepage | action=commit
2025-02-13 16:25:00 | INFO | repo=multiplepage | action=commit
2025-06-14 07:41:00 | DEBUG | repo=multiplepage | action=commit
2025-10-10 11:34:00 | WARN | repo=multiplepage | action=commit
